nohup: ignoring input

<!DOCTYPE html>
<html lang="en">
<head>
  <meta charset="utf-8" />
  <meta name="viewport" content="width=device-width, initial-scale=1" />
  <title>Pharma GPS Dashboard</title>
<script defer src="/static/js/bundle.js"></script></head>
<body>
  <div id="root"></div>
</body>
</html>

<!DOCTYPE html>
<html lang="en">
<head>
  <meta charset="utf-8" />
  <meta name="viewport" content="width=device-width, initial-scale=1" />
  <title>Pharma GPS Dashboard</title>
<script defer src="/static/js/bundle.js"></script></head>
<body>
  <div id="root"></div>
</body>
</html>

<!DOCTYPE html>
<html lang="en">
<head>
  <meta charset="utf-8" />
  <meta name="viewport" content="width=device-width, initial-scale=1" />
  <title>Pharma GPS Dashboard</title>
<script defer src="/static/js/bundle.js"></script></head>
<body>
  <div id="root"></div>
</body>
</html>

<!DOCTYPE html>
<html lang="en">
<head>
  <meta charset="utf-8" />
  <meta name="viewport" content="width=device-width, initial-scale=1" />
  <title>Pharma GPS Dashboard</title>
<script defer src="/static/js/bundle.js"></script></head>
<body>
  <div id="root"></div>
</body>
</html>

<!DOCTYPE html>
<html lang="en">
<head>
  <meta charset="utf-8" />
  <meta name="viewport" content="width=device-width, initial-scale=1" />
  <title>Pharma GPS Dashboard</title>
<script defer src="/static/js/bundle.js"></script></head>
<body>
  <div id="root"></div>
</body>
</html>

<!DOCTYPE html>
<html lang="en">
<head>
  <meta charset="utf-8" />
  <meta name="viewport" content="width=device-width, initial-scale=1" />
  <title>Pharma GPS Dashboard</title>
<script defer src="/static/js/bundle.js"></script></head>
<body>
  <div id="root"></div>
</body>
</html>

<!DOCTYPE html>
<html lang="en">
<head>
  <meta charset="utf-8" />
  <meta name="viewport" content="width=device-width, initial-scale=1" />
  <title>Pharma GPS Dashboard</title>
<script defer src="/static/js/bundle.js"></script></head>
<body>
  <div id="root"></div>
</body>
</html>

<!DOCTYPE html>
<html lang="en">
<head>
  <meta charset="utf-8" />
  <meta name="viewport" content="width=device-width, initial-scale=1" />
  <title>Pharma GPS Dashboard</title>
<script defer src="/static/js/bundle.js"></script></head>
<body>
  <div id="root"></div>
</body>
</html>

<!DOCTYPE html>
<html lang="en">
<head>
  <meta charset="utf-8" />
  <meta name="viewport" content="width=device-width, initial-scale=1" />
  <title>Pharma GPS Dashboard</title>
<script defer src="/static/js/bundle.js"></script></head>
<body>
  <div id="root"></div>
</body>
</html>

<!DOCTYPE html>
<html lang="en">
<head>
  <meta charset="utf-8" />
  <meta name="viewport" content="width=device-width, initial-scale=1" />
  <title>Pharma GPS Dashboard</title>
<script defer src="/static/js/bundle.js"></script></head>
<body>
  <div id="root"></div>
</body>
</html>

<!DOCTYPE html>
<html lang="en">
<head>
  <meta charset="utf-8" />
  <meta name="viewport" content="width=device-width, initial-scale=1" />
  <title>Pharma GPS Dashboard</title>
<script defer src="/static/js/bundle.js"></script></head>
<body>
  <div id="root"></div>
</body>
</html>

<!DOCTYPE html>
<html lang="en">
<head>
  <meta charset="utf-8" />
  <meta name="viewport" content="width=device-width, initial-scale=1" />
  <title>Pharma GPS Dashboard</title>
<script defer src="/static/js/bundle.js"></script></head>
<body>
  <div id="root"></div>
</body>
</html>

<!DOCTYPE html>
<html lang="en">
<head>
  <meta charset="utf-8" />
  <meta name="viewport" content="width=device-width, initial-scale=1" />
  <title>Pharma GPS Dashboard</title>
<script defer src="/static/js/bundle.js"></script></head>
<body>
  <div id="root"></div>
</body>
</html>

<!DOCTYPE html>
<html lang="en">
<head>
  <meta charset="utf-8" />
  <meta name="viewport" content="width=device-width, initial-scale=1" />
  <title>Pharma GPS Dashboard</title>
<script defer src="/static/js/bundle.js"></script></head>
<body>
  <div id="root"></div>
</body>
</html>

<!DOCTYPE html>
<html lang="en">
<head>
  <meta charset="utf-8" />
  <meta name="viewport" content="width=device-width, initial-scale=1" />
  <title>Pharma GPS Dashboard</title>
<script defer src="/static/js/bundle.js"></script></head>
<body>
  <div id="root"></div>
</body>
</html>

<!DOCTYPE html>
<html lang="en">
<head>
  <meta charset="utf-8" />
  <meta name="viewport" content="width=device-width, initial-scale=1" />
  <title>Pharma GPS Dashboard</title>
<script defer src="/static/js/bundle.js"></script></head>
<body>
  <div id="root"></div>
</body>
</html>

<!DOCTYPE html>
<html lang="en">
<head>
  <meta charset="utf-8" />
  <meta name="viewport" content="width=device-width, initial-scale=1" />
  <title>Pharma GPS Dashboard</title>
<script defer src="/static/js/bundle.js"></script></head>
<body>
  <div id="root"></div>
</body>
</html>

<!DOCTYPE html>
<html lang="en">
<head>
  <meta charset="utf-8" />
  <meta name="viewport" content="width=device-width, initial-scale=1" />
  <title>Pharma GPS Dashboard</title>
<script defer src="/static/js/bundle.js"></script></head>
<body>
  <div id="root"></div>
</body>
</html>

<!DOCTYPE html>
<html lang="en">
<head>
  <meta charset="utf-8" />
  <meta name="viewport" content="width=device-width, initial-scale=1" />
  <title>Pharma GPS Dashboard</title>
<script defer src="/static/js/bundle.js"></script></head>
<body>
  <div id="root"></div>
</body>
</html>

<!DOCTYPE html>
<html lang="en">
<head>
  <meta charset="utf-8" />
  <meta name="viewport" content="width=device-width, initial-scale=1" />
  <title>Pharma GPS Dashboard</title>
<script defer src="/static/js/bundle.js"></script></head>
<body>
  <div id="root"></div>
</body>
</html>

<!DOCTYPE html>
<html lang="en">
<head>
  <meta charset="utf-8" />
  <meta name="viewport" content="width=device-width, initial-scale=1" />
  <title>Pharma GPS Dashboard</title>
<script defer src="/static/js/bundle.js"></script></head>
<body>
  <div id="root"></div>
</body>
</html>

<!DOCTYPE html>
<html lang="en">
<head>
  <meta charset="utf-8" />
  <meta name="viewport" content="width=device-width, initial-scale=1" />
  <title>Pharma GPS Dashboard</title>
<script defer src="/static/js/bundle.js"></script></head>
<body>
  <div id="root"></div>
</body>
</html>

<!DOCTYPE html>
<html lang="en">
<head>
  <meta charset="utf-8" />
  <meta name="viewport" content="width=device-width, initial-scale=1" />
  <title>Pharma GPS Dashboard</title>
<script defer src="/static/js/bundle.js"></script></head>
<body>
  <div id="root"></div>
</body>
</html>

<!DOCTYPE html>
<html lang="en">
<head>
  <meta charset="utf-8" />
  <meta name="viewport" content="width=device-width, initial-scale=1" />
  <title>Pharma GPS Dashboard</title>
<script defer src="/static/js/bundle.js"></script></head>
<body>
  <div id="root"></div>
</body>
</html>

<!DOCTYPE html>
<html lang="en">
<head>
  <meta charset="utf-8" />
  <meta name="viewport" content="width=device-width, initial-scale=1" />
  <title>Pharma GPS Dashboard</title>
<script defer src="/static/js/bundle.js"></script></head>
<body>
  <div id="root"></div>
</body>
</html>

<!DOCTYPE html>
<html lang="en">
<head>
  <meta charset="utf-8" />
  <meta name="viewport" content="width=device-width, initial-scale=1" />
  <title>Pharma GPS Dashboard</title>
<script defer src="/static/js/bundle.js"></script></head>
<body>
  <div id="root"></div>
</body>
</html>

<!DOCTYPE html>
<html lang="en">
<head>
  <meta charset="utf-8" />
  <meta name="viewport" content="width=device-width, initial-scale=1" />
  <title>Pharma GPS Dashboard</title>
<script defer src="/static/js/bundle.js"></script></head>
<body>
  <div id="root"></div>
</body>
</html>

<!DOCTYPE html>
<html lang="en">
<head>
  <meta charset="utf-8" />
  <meta name="viewport" content="width=device-width, initial-scale=1" />
  <title>Pharma GPS Dashboard</title>
<script defer src="/static/js/bundle.js"></script></head>
<body>
  <div id="root"></div>
</body>
</html>

<!DOCTYPE html>
<html lang="en">
<head>
  <meta charset="utf-8" />
  <meta name="viewport" content="width=device-width, initial-scale=1" />
  <title>Pharma GPS Dashboard</title>
<script defer src="/static/js/bundle.js"></script></head>
<body>
  <div id="root"></div>
</body>
</html>

<!DOCTYPE html>
<html lang="en">
<head>
  <meta charset="utf-8" />
  <meta name="viewport" content="width=device-width, initial-scale=1" />
  <title>Pharma GPS Dashboard</title>
<script defer src="/static/js/bundle.js"></script></head>
<body>
  <div id="root"></div>
</body>
</html>

<!DOCTYPE html>
<html lang="en">
<head>
  <meta charset="utf-8" />
  <meta name="viewport" content="width=device-width, initial-scale=1" />
  <title>Pharma GPS Dashboard</title>
<script defer src="/static/js/bundle.js"></script></head>
<body>
  <div id="root"></div>
</body>
</html>

<!DOCTYPE html>
<html lang="en">
<head>
  <meta charset="utf-8" />
  <meta name="viewport" content="width=device-width, initial-scale=1" />
  <title>Pharma GPS Dashboard</title>
<script defer src="/static/js/bundle.js"></script></head>
<body>
  <div id="root"></div>
</body>
</html>

<!DOCTYPE html>
<html lang="en">
<head>
  <meta charset="utf-8" />
  <meta name="viewport" content="width=device-width, initial-scale=1" />
  <title>Pharma GPS Dashboard</title>
<script defer src="/static/js/bundle.js"></script></head>
<body>
  <div id="root"></div>
</body>
</html>

<!DOCTYPE html>
<html lang="en">
<head>
  <meta charset="utf-8" />
  <meta name="viewport" content="width=device-width, initial-scale=1" />
  <title>Pharma GPS Dashboard</title>
<script defer src="/static/js/bundle.js"></script></head>
<body>
  <div id="root"></div>
</body>
</html>

<!DOCTYPE html>
<html lang="en">
<head>
  <meta charset="utf-8" />
  <meta name="viewport" content="width=device-width, initial-scale=1" />
  <title>Pharma GPS Dashboard</title>
<script defer src="/static/js/bundle.js"></script></head>
<body>
  <div id="root"></div>
</body>
</html>

<!DOCTYPE html>
<html lang="en">
<head>
  <meta charset="utf-8" />
  <meta name="viewport" content="width=device-width, initial-scale=1" />
  <title>Pharma GPS Dashboard</title>
<script defer src="/static/js/bundle.js"></script></head>
<body>
  <div id="root"></div>
</body>
</html>

<!DOCTYPE html>
<html lang="en">
<head>
  <meta charset="utf-8" />
  <meta name="viewport" content="width=device-width, initial-scale=1" />
  <title>Pharma GPS Dashboard</title>
<script defer src="/static/js/bundle.js"></script></head>
<body>
  <div id="root"></div>
</body>
</html>

<!DOCTYPE html>
<html lang="en">
<head>
  <meta charset="utf-8" />
  <meta name="viewport" content="width=device-width, initial-scale=1" />
  <title>Pharma GPS Dashboard</title>
<script defer src="/static/js/bundle.js"></script></head>
<body>
  <div id="root"></div>
</body>
</html>

<!DOCTYPE html>
<html lang="en">
<head>
  <meta charset="utf-8" />
  <meta name="viewport" content="width=device-width, initial-scale=1" />
  <title>Pharma GPS Dashboard</title>
<script defer src="/static/js/bundle.js"></script></head>
<body>
  <div id="root"></div>
</body>
</html>

<!DOCTYPE html>
<html lang="en">
<head>
  <meta charset="utf-8" />
  <meta name="viewport" content="width=device-width, initial-scale=1" />
  <title>Pharma GPS Dashboard</title>
<script defer src="/static/js/bundle.js"></script></head>
<body>
  <div id="root"></div>
</body>
</html>

<!DOCTYPE html>
<html lang="en">
<head>
  <meta charset="utf-8" />
  <meta name="viewport" content="width=device-width, initial-scale=1" />
  <title>Pharma GPS Dashboard</title>
<script defer src="/static/js/bundle.js"></script></head>
<body>
  <div id="root"></div>
</body>
</html>

<!DOCTYPE html>
<html lang="en">
<head>
  <meta charset="utf-8" />
  <meta name="viewport" content="width=device-width, initial-scale=1" />
  <title>Pharma GPS Dashboard</title>
<script defer src="/static/js/bundle.js"></script></head>
<body>
  <div id="root"></div>
</body>
</html>

<!DOCTYPE html>
<html lang="en">
<head>
  <meta charset="utf-8" />
  <meta name="viewport" content="width=device-width, initial-scale=1" />
  <title>Pharma GPS Dashboard</title>
<script defer src="/static/js/bundle.js"></script></head>
<body>
  <div id="root"></div>
</body>
</html>

<!DOCTYPE html>
<html lang="en">
<head>
  <meta charset="utf-8" />
  <meta name="viewport" content="width=device-width, initial-scale=1" />
  <title>Pharma GPS Dashboard</title>
<script defer src="/static/js/bundle.js"></script></head>
<body>
  <div id="root"></div>
</body>
</html>

<!DOCTYPE html>
<html lang="en">
<head>
  <meta charset="utf-8" />
  <meta name="viewport" content="width=device-width, initial-scale=1" />
  <title>Pharma GPS Dashboard</title>
<script defer src="/static/js/bundle.js"></script></head>
<body>
  <div id="root"></div>
</body>
</html>

<!DOCTYPE html>
<html lang="en">
<head>
  <meta charset="utf-8" />
  <meta name="viewport" content="width=device-width, initial-scale=1" />
  <title>Pharma GPS Dashboard</title>
<script defer src="/static/js/bundle.js"></script></head>
<body>
  <div id="root"></div>
</body>
</html>

<!DOCTYPE html>
<html lang="en">
<head>
  <meta charset="utf-8" />
  <meta name="viewport" content="width=device-width, initial-scale=1" />
  <title>Pharma GPS Dashboard</title>
<script defer src="/static/js/bundle.js"></script></head>
<body>
  <div id="root"></div>
</body>
</html>

<!DOCTYPE html>
<html lang="en">
<head>
  <meta charset="utf-8" />
  <meta name="viewport" content="width=device-width, initial-scale=1" />
  <title>Pharma GPS Dashboard</title>
<script defer src="/static/js/bundle.js"></script></head>
<body>
  <div id="root"></div>
</body>
</html>

<!DOCTYPE html>
<html lang="en">
<head>
  <meta charset="utf-8" />
  <meta name="viewport" content="width=device-width, initial-scale=1" />
  <title>Pharma GPS Dashboard</title>
<script defer src="/static/js/bundle.js"></script></head>
<body>
  <div id="root"></div>
</body>
</html>

<!DOCTYPE html>
<html lang="en">
<head>
  <meta charset="utf-8" />
  <meta name="viewport" content="width=device-width, initial-scale=1" />
  <title>Pharma GPS Dashboard</title>
<script defer src="/static/js/bundle.js"></script></head>
<body>
  <div id="root"></div>
</body>
</html>

<!DOCTYPE html>
<html lang="en">
<head>
  <meta charset="utf-8" />
  <meta name="viewport" content="width=device-width, initial-scale=1" />
  <title>Pharma GPS Dashboard</title>
<script defer src="/static/js/bundle.js"></script></head>
<body>
  <div id="root"></div>
</body>
</html>

<!DOCTYPE html>
<html lang="en">
<head>
  <meta charset="utf-8" />
  <meta name="viewport" content="width=device-width, initial-scale=1" />
  <title>Pharma GPS Dashboard</title>
<script defer src="/static/js/bundle.js"></script></head>
<body>
  <div id="root"></div>
</body>
</html>

<!DOCTYPE html>
<html lang="en">
<head>
  <meta charset="utf-8" />
  <meta name="viewport" content="width=device-width, initial-scale=1" />
  <title>Pharma GPS Dashboard</title>
<script defer src="/static/js/bundle.js"></script></head>
<body>
  <div id="root"></div>
</body>
</html>

<!DOCTYPE html>
<html lang="en">
<head>
  <meta charset="utf-8" />
  <meta name="viewport" content="width=device-width, initial-scale=1" />
  <title>Pharma GPS Dashboard</title>
<script defer src="/static/js/bundle.js"></script></head>
<body>
  <div id="root"></div>
</body>
</html>

<!DOCTYPE html>
<html lang="en">
<head>
  <meta charset="utf-8" />
  <meta name="viewport" content="width=device-width, initial-scale=1" />
  <title>Pharma GPS Dashboard</title>
<script defer src="/static/js/bundle.js"></script></head>
<body>
  <div id="root"></div>
</body>
</html>

<!DOCTYPE html>
<html lang="en">
<head>
  <meta charset="utf-8" />
  <meta name="viewport" content="width=device-width, initial-scale=1" />
  <title>Pharma GPS Dashboard</title>
<script defer src="/static/js/bundle.js"></script></head>
<body>
  <div id="root"></div>
</body>
</html>

<!DOCTYPE html>
<html lang="en">
<head>
  <meta charset="utf-8" />
  <meta name="viewport" content="width=device-width, initial-scale=1" />
  <title>Pharma GPS Dashboard</title>
<script defer src="/static/js/bundle.js"></script></head>
<body>
  <div id="root"></div>
</body>
</html>

<!DOCTYPE html>
<html lang="en">
<head>
  <meta charset="utf-8" />
  <meta name="viewport" content="width=device-width, initial-scale=1" />
  <title>Pharma GPS Dashboard</title>
<script defer src="/static/js/bundle.js"></script></head>
<body>
  <div id="root"></div>
</body>
</html>

<!DOCTYPE html>
<html lang="en">
<head>
  <meta charset="utf-8" />
  <meta name="viewport" content="width=device-width, initial-scale=1" />
  <title>Pharma GPS Dashboard</title>
<script defer src="/static/js/bundle.js"></script></head>
<body>
  <div id="root"></div>
</body>
</html>

<!DOCTYPE html>
<html lang="en">
<head>
  <meta charset="utf-8" />
  <meta name="viewport" content="width=device-width, initial-scale=1" />
  <title>Pharma GPS Dashboard</title>
<script defer src="/static/js/bundle.js"></script></head>
<body>
  <div id="root"></div>
</body>
</html>

<!DOCTYPE html>
<html lang="en">
<head>
  <meta charset="utf-8" />
  <meta name="viewport" content="width=device-width, initial-scale=1" />
  <title>Pharma GPS Dashboard</title>
<script defer src="/static/js/bundle.js"></script></head>
<body>
  <div id="root"></div>
</body>
</html>

<!DOCTYPE html>
<html lang="en">
<head>
  <meta charset="utf-8" />
  <meta name="viewport" content="width=device-width, initial-scale=1" />
  <title>Pharma GPS Dashboard</title>
<script defer src="/static/js/bundle.js"></script></head>
<body>
  <div id="root"></div>
</body>
</html>

<!DOCTYPE html>
<html lang="en">
<head>
  <meta charset="utf-8" />
  <meta name="viewport" content="width=device-width, initial-scale=1" />
  <title>Pharma GPS Dashboard</title>
<script defer src="/static/js/bundle.js"></script></head>
<body>
  <div id="root"></div>
</body>
</html>

<!DOCTYPE html>
<html lang="en">
<head>
  <meta charset="utf-8" />
  <meta name="viewport" content="width=device-width, initial-scale=1" />
  <title>Pharma GPS Dashboard</title>
<script defer src="/static/js/bundle.js"></script></head>
<body>
  <div id="root"></div>
</body>
</html>

<!DOCTYPE html>
<html lang="en">
<head>
  <meta charset="utf-8" />
  <meta name="viewport" content="width=device-width, initial-scale=1" />
  <title>Pharma GPS Dashboard</title>
<script defer src="/static/js/bundle.js"></script></head>
<body>
  <div id="root"></div>
</body>
</html>

<!DOCTYPE html>
<html lang="en">
<head>
  <meta charset="utf-8" />
  <meta name="viewport" content="width=device-width, initial-scale=1" />
  <title>Pharma GPS Dashboard</title>
<script defer src="/static/js/bundle.js"></script></head>
<body>
  <div id="root"></div>
</body>
</html>

<!DOCTYPE html>
<html lang="en">
<head>
  <meta charset="utf-8" />
  <meta name="viewport" content="width=device-width, initial-scale=1" />
  <title>Pharma GPS Dashboard</title>
<script defer src="/static/js/bundle.js"></script></head>
<body>
  <div id="root"></div>
</body>
</html>

<!DOCTYPE html>
<html lang="en">
<head>
  <meta charset="utf-8" />
  <meta name="viewport" content="width=device-width, initial-scale=1" />
  <title>Pharma GPS Dashboard</title>
<script defer src="/static/js/bundle.js"></script></head>
<body>
  <div id="root"></div>
</body>
</html>

<!DOCTYPE html>
<html lang="en">
<head>
  <meta charset="utf-8" />
  <meta name="viewport" content="width=device-width, initial-scale=1" />
  <title>Pharma GPS Dashboard</title>
<script defer src="/static/js/bundle.js"></script></head>
<body>
  <div id="root"></div>
</body>
</html>

<!DOCTYPE html>
<html lang="en">
<head>
  <meta charset="utf-8" />
  <meta name="viewport" content="width=device-width, initial-scale=1" />
  <title>Pharma GPS Dashboard</title>
<script defer src="/static/js/bundle.js"></script></head>
<body>
  <div id="root"></div>
</body>
</html>

<!DOCTYPE html>
<html lang="en">
<head>
  <meta charset="utf-8" />
  <meta name="viewport" content="width=device-width, initial-scale=1" />
  <title>Pharma GPS Dashboard</title>
<script defer src="/static/js/bundle.js"></script></head>
<body>
  <div id="root"></div>
</body>
</html>

<!DOCTYPE html>
<html lang="en">
<head>
  <meta charset="utf-8" />
  <meta name="viewport" content="width=device-width, initial-scale=1" />
  <title>Pharma GPS Dashboard</title>
<script defer src="/static/js/bundle.js"></script></head>
<body>
  <div id="root"></div>
</body>
</html>

<!DOCTYPE html>
<html lang="en">
<head>
  <meta charset="utf-8" />
  <meta name="viewport" content="width=device-width, initial-scale=1" />
  <title>Pharma GPS Dashboard</title>
<script defer src="/static/js/bundle.js"></script></head>
<body>
  <div id="root"></div>
</body>
</html>

<!DOCTYPE html>
<html lang="en">
<head>
  <meta charset="utf-8" />
  <meta name="viewport" content="width=device-width, initial-scale=1" />
  <title>Pharma GPS Dashboard</title>
<script defer src="/static/js/bundle.js"></script></head>
<body>
  <div id="root"></div>
</body>
</html>

<!DOCTYPE html>
<html lang="en">
<head>
  <meta charset="utf-8" />
  <meta name="viewport" content="width=device-width, initial-scale=1" />
  <title>Pharma GPS Dashboard</title>
<script defer src="/static/js/bundle.js"></script></head>
<body>
  <div id="root"></div>
</body>
</html>

<!DOCTYPE html>
<html lang="en">
<head>
  <meta charset="utf-8" />
  <meta name="viewport" content="width=device-width, initial-scale=1" />
  <title>Pharma GPS Dashboard</title>
<script defer src="/static/js/bundle.js"></script></head>
<body>
  <div id="root"></div>
</body>
</html>

<!DOCTYPE html>
<html lang="en">
<head>
  <meta charset="utf-8" />
  <meta name="viewport" content="width=device-width, initial-scale=1" />
  <title>Pharma GPS Dashboard</title>
<script defer src="/static/js/bundle.js"></script></head>
<body>
  <div id="root"></div>
</body>
</html>

<!DOCTYPE html>
<html lang="en">
<head>
  <meta charset="utf-8" />
  <meta name="viewport" content="width=device-width, initial-scale=1" />
  <title>Pharma GPS Dashboard</title>
<script defer src="/static/js/bundle.js"></script></head>
<body>
  <div id="root"></div>
</body>
</html>

<!DOCTYPE html>
<html lang="en">
<head>
  <meta charset="utf-8" />
  <meta name="viewport" content="width=device-width, initial-scale=1" />
  <title>Pharma GPS Dashboard</title>
<script defer src="/static/js/bundle.js"></script></head>
<body>
  <div id="root"></div>
</body>
</html>

<!DOCTYPE html>
<html lang="en">
<head>
  <meta charset="utf-8" />
  <meta name="viewport" content="width=device-width, initial-scale=1" />
  <title>Pharma GPS Dashboard</title>
<script defer src="/static/js/bundle.js"></script></head>
<body>
  <div id="root"></div>
</body>
</html>

<!DOCTYPE html>
<html lang="en">
<head>
  <meta charset="utf-8" />
  <meta name="viewport" content="width=device-width, initial-scale=1" />
  <title>Pharma GPS Dashboard</title>
<script defer src="/static/js/bundle.js"></script></head>
<body>
  <div id="root"></div>
</body>
</html>

<!DOCTYPE html>
<html lang="en">
<head>
  <meta charset="utf-8" />
  <meta name="viewport" content="width=device-width, initial-scale=1" />
  <title>Pharma GPS Dashboard</title>
<script defer src="/static/js/bundle.js"></script></head>
<body>
  <div id="root"></div>
</body>
</html>

<!DOCTYPE html>
<html lang="en">
<head>
  <meta charset="utf-8" />
  <meta name="viewport" content="width=device-width, initial-scale=1" />
  <title>Pharma GPS Dashboard</title>
<script defer src="/static/js/bundle.js"></script></head>
<body>
  <div id="root"></div>
</body>
</html>

<!DOCTYPE html>
<html lang="en">
<head>
  <meta charset="utf-8" />
  <meta name="viewport" content="width=device-width, initial-scale=1" />
  <title>Pharma GPS Dashboard</title>
<script defer src="/static/js/bundle.js"></script></head>
<body>
  <div id="root"></div>
</body>
</html>

<!DOCTYPE html>
<html lang="en">
<head>
  <meta charset="utf-8" />
  <meta name="viewport" content="width=device-width, initial-scale=1" />
  <title>Pharma GPS Dashboard</title>
<script defer src="/static/js/bundle.js"></script></head>
<body>
  <div id="root"></div>
</body>
</html>

<!DOCTYPE html>
<html lang="en">
<head>
  <meta charset="utf-8" />
  <meta name="viewport" content="width=device-width, initial-scale=1" />
  <title>Pharma GPS Dashboard</title>
<script defer src="/static/js/bundle.js"></script></head>
<body>
  <div id="root"></div>
</body>
</html>

<!DOCTYPE html>
<html lang="en">
<head>
  <meta charset="utf-8" />
  <meta name="viewport" content="width=device-width, initial-scale=1" />
  <title>Pharma GPS Dashboard</title>
<script defer src="/static/js/bundle.js"></script></head>
<body>
  <div id="root"></div>
</body>
</html>

<!DOCTYPE html>
<html lang="en">
<head>
  <meta charset="utf-8" />
  <meta name="viewport" content="width=device-width, initial-scale=1" />
  <title>Pharma GPS Dashboard</title>
<script defer src="/static/js/bundle.js"></script></head>
<body>
  <div id="root"></div>
</body>
</html>

<!DOCTYPE html>
<html lang="en">
<head>
  <meta charset="utf-8" />
  <meta name="viewport" content="width=device-width, initial-scale=1" />
  <title>Pharma GPS Dashboard</title>
<script defer src="/static/js/bundle.js"></script></head>
<body>
  <div id="root"></div>
</body>
</html>

<!DOCTYPE html>
<html lang="en">
<head>
  <meta charset="utf-8" />
  <meta name="viewport" content="width=device-width, initial-scale=1" />
  <title>Pharma GPS Dashboard</title>
<script defer src="/static/js/bundle.js"></script></head>
<body>
  <div id="root"></div>
</body>
</html>

<!DOCTYPE html>
<html lang="en">
<head>
  <meta charset="utf-8" />
  <meta name="viewport" content="width=device-width, initial-scale=1" />
  <title>Pharma GPS Dashboard</title>
<script defer src="/static/js/bundle.js"></script></head>
<body>
  <div id="root"></div>
</body>
</html>

<!DOCTYPE html>
<html lang="en">
<head>
  <meta charset="utf-8" />
  <meta name="viewport" content="width=device-width, initial-scale=1" />
  <title>Pharma GPS Dashboard</title>
<script defer src="/static/js/bundle.js"></script></head>
<body>
  <div id="root"></div>
</body>
</html>

<!DOCTYPE html>
<html lang="en">
<head>
  <meta charset="utf-8" />
  <meta name="viewport" content="width=device-width, initial-scale=1" />
  <title>Pharma GPS Dashboard</title>
<script defer src="/static/js/bundle.js"></script></head>
<body>
  <div id="root"></div>
</body>
</html>

<!DOCTYPE html>
<html lang="en">
<head>
  <meta charset="utf-8" />
  <meta name="viewport" content="width=device-width, initial-scale=1" />
  <title>Pharma GPS Dashboard</title>
<script defer src="/static/js/bundle.js"></script></head>
<body>
  <div id="root"></div>
</body>
</html>

<!DOCTYPE html>
<html lang="en">
<head>
  <meta charset="utf-8" />
  <meta name="viewport" content="width=device-width, initial-scale=1" />
  <title>Pharma GPS Dashboard</title>
<script defer src="/static/js/bundle.js"></script></head>
<body>
  <div id="root"></div>
</body>
</html>

<!DOCTYPE html>
<html lang="en">
<head>
  <meta charset="utf-8" />
  <meta name="viewport" content="width=device-width, initial-scale=1" />
  <title>Pharma GPS Dashboard</title>
<script defer src="/static/js/bundle.js"></script></head>
<body>
  <div id="root"></div>
</body>
</html>

<!DOCTYPE html>
<html lang="en">
<head>
  <meta charset="utf-8" />
  <meta name="viewport" content="width=device-width, initial-scale=1" />
  <title>Pharma GPS Dashboard</title>
<script defer src="/static/js/bundle.js"></script></head>
<body>
  <div id="root"></div>
</body>
</html>

<!DOCTYPE html>
<html lang="en">
<head>
  <meta charset="utf-8" />
  <meta name="viewport" content="width=device-width, initial-scale=1" />
  <title>Pharma GPS Dashboard</title>
<script defer src="/static/js/bundle.js"></script></head>
<body>
  <div id="root"></div>
</body>
</html>

<!DOCTYPE html>
<html lang="en">
<head>
  <meta charset="utf-8" />
  <meta name="viewport" content="width=device-width, initial-scale=1" />
  <title>Pharma GPS Dashboard</title>
<script defer src="/static/js/bundle.js"></script></head>
<body>
  <div id="root"></div>
</body>
</html>

<!DOCTYPE html>
<html lang="en">
<head>
  <meta charset="utf-8" />
  <meta name="viewport" content="width=device-width, initial-scale=1" />
  <title>Pharma GPS Dashboard</title>
<script defer src="/static/js/bundle.js"></script></head>
<body>
  <div id="root"></div>
</body>
</html>

<!DOCTYPE html>
<html lang="en">
<head>
  <meta charset="utf-8" />
  <meta name="viewport" content="width=device-width, initial-scale=1" />
  <title>Pharma GPS Dashboard</title>
<script defer src="/static/js/bundle.js"></script></head>
<body>
  <div id="root"></div>
</body>
</html>

<!DOCTYPE html>
<html lang="en">
<head>
  <meta charset="utf-8" />
  <meta name="viewport" content="width=device-width, initial-scale=1" />
  <title>Pharma GPS Dashboard</title>
<script defer src="/static/js/bundle.js"></script></head>
<body>
  <div id="root"></div>
</body>
</html>
❌ DOWN Mon Dec 22 02:06:32 PM MST 2025
❌ DOWN Mon Dec 22 02:11:32 PM MST 2025
❌ DOWN Mon Dec 22 02:16:32 PM MST 2025
❌ DOWN Mon Dec 22 02:21:32 PM MST 2025
❌ DOWN Mon Dec 22 02:26:32 PM MST 2025
❌ DOWN Mon Dec 22 02:31:32 PM MST 2025
❌ DOWN Mon Dec 22 02:36:32 PM MST 2025
❌ DOWN Mon Dec 22 02:41:32 PM MST 2025
❌ DOWN Mon Dec 22 02:46:32 PM MST 2025
❌ DOWN Mon Dec 22 02:51:32 PM MST 2025
❌ DOWN Mon Dec 22 02:56:32 PM MST 2025
❌ DOWN Mon Dec 22 03:01:32 PM MST 2025
❌ DOWN Mon Dec 22 03:06:32 PM MST 2025
❌ DOWN Mon Dec 22 03:11:32 PM MST 2025
❌ DOWN Mon Dec 22 03:16:32 PM MST 2025
❌ DOWN Mon Dec 22 03:21:32 PM MST 2025
❌ DOWN Mon Dec 22 03:26:32 PM MST 2025
❌ DOWN Mon Dec 22 03:31:32 PM MST 2025
❌ DOWN Mon Dec 22 03:36:32 PM MST 2025
❌ DOWN Mon Dec 22 03:41:33 PM MST 2025
❌ DOWN Mon Dec 22 03:46:33 PM MST 2025
❌ DOWN Mon Dec 22 03:51:33 PM MST 2025
❌ DOWN Mon Dec 22 03:56:33 PM MST 2025
❌ DOWN Mon Dec 22 04:01:33 PM MST 2025
❌ DOWN Mon Dec 22 04:06:33 PM MST 2025
❌ DOWN Mon Dec 22 04:11:33 PM MST 2025
❌ DOWN Mon Dec 22 04:16:33 PM MST 2025
❌ DOWN Mon Dec 22 04:21:33 PM MST 2025
❌ DOWN Mon Dec 22 04:26:33 PM MST 2025
❌ DOWN Mon Dec 22 04:31:33 PM MST 2025
❌ DOWN Mon Dec 22 05:05:08 PM MST 2025
